<?xml version="1.0" encoding="UTF-8"?>
<!-- Generated by org.testng.reporters.JUnitReportReporter -->
<testsuite hostname="macusers-MacBook-Air.local" failures="0" tests="1" name="Testcases.loginwithvalidemailandvalidpassword" time="1.887" errors="0" timestamp="2024-05-06T06:19:16 GMT-07:00" skipped="0">
  <testcase classname="Testcases.loginwithvalidemailandvalidpassword" name="loginwithvalidemailandvalidpasswordtest" time="1.887"/>
</testsuite> <!-- Testcases.loginwithvalidemailandvalidpassword -->
