<?xml version="1.0" encoding="UTF-8"?>
<!-- Generated by org.testng.reporters.JUnitReportReporter -->
<testsuite hostname="macusers-MacBook-Air.local" failures="0" tests="1" name="Testcases.practice" time="0.614" errors="0" timestamp="2024-05-10T03:15:24 GMT-07:00" skipped="0">
  <testcase classname="Testcases.practice" name="tryadd" time="0.614"/>
</testsuite> <!-- Testcases.practice -->
