<?xml version="1.0" encoding="UTF-8"?>
<!-- Generated by org.testng.reporters.JUnitReportReporter -->
<testsuite hostname="macusers-MacBook-Air.local" failures="0" tests="1" name="Testcases.itemsSearch" time="29.677" errors="0" timestamp="2024-05-09T13:15:17 GMT-07:00" skipped="0">
  <testcase classname="Testcases.itemsSearch" name="SearchItemFunctionalityTest" time="29.677"/>
</testsuite> <!-- Testcases.itemsSearch -->
