<?xml version="1.0" encoding="UTF-8"?>
<!-- Generated by org.testng.reporters.JUnitReportReporter -->
<testsuite hostname="macusers-MacBook-Air.local" failures="0" tests="1" name="Basetest.basetest" time="12.362" errors="0" timestamp="2024-05-04T18:01:44 GMT-07:00" skipped="0">
  <testcase classname="Basetest.basetest" name="readpropertyfile" time="12.362"/>
</testsuite> <!-- Basetest.basetest -->
