<?xml version="1.0" encoding="UTF-8"?>
<!-- Generated by org.testng.reporters.JUnitReportReporter -->
<testsuite hostname="macusers-MacBook-Air.local" failures="0" tests="1" name="Testcases.validlogintest" time="1.914" errors="0" timestamp="2024-05-06T07:54:40 GMT-07:00" skipped="0">
  <testcase classname="Testcases.validlogintest" name="validpasswordandemail" time="1.914"/>
</testsuite> <!-- Testcases.validlogintest -->
