<?xml version="1.0" encoding="UTF-8"?>
<!-- Generated by org.testng.reporters.JUnitReportReporter -->
<testsuite hostname="macusers-MacBook-Air.local" failures="0" tests="1" name="Testcases.signupupwithvaliddetails" time="4.104" errors="0" timestamp="2024-05-05T13:31:41 GMT-07:00" skipped="0">
  <testcase classname="Testcases.signupupwithvaliddetails" name="signuptestcase" time="4.104"/>
</testsuite> <!-- Testcases.signupupwithvaliddetails -->
